# JRE version: Java(TM) SE Runtime Environment (8.0_25-b18) (build 1.8.0_25-b18)
# Java VM: Java HotSpot(TM) 64-Bit Server VM (25.25-b02 mixed mode windows-amd64 compressed oops)
Heap:
 PSYoungGen      total 49664K, used 26747K [0x00000007bc400000, 0x00000007c0000000, 0x00000007c0000000)
  eden space 38912K, 48% used [0x00000007bc400000,0x00000007bd679008,0x00000007bea00000)
  from space 10752K, 72% used [0x00000007bf580000,0x00000007bfd25ee8,0x00000007c0000000)
  to   space 11264K, 0% used [0x00000007bea00000,0x00000007bea00000,0x00000007bf500000)
 ParOldGen       total 94208K, used 35502K [0x0000000700000000, 0x0000000705c00000, 0x00000007bc400000)
  object space 94208K, 37% used [0x0000000700000000,0x00000007022ab958,0x0000000705c00000)
 Metaspace       used 54933K, capacity 55349K, committed 55808K, reserved 1097728K
  class space    used 7811K, capacity 7895K, committed 7936K, reserved 1048576K
GC Heap History (10 events):
Event: 2827.030 GC heap before
{Heap before GC invocations=34 (full 4):
 PSYoungGen      total 49664K, used 44506K [0x00000007bc400000, 0x00000007c0000000, 0x00000007c0000000)
  eden space 37888K, 99% used [0x00000007bc400000,0x00000007be8fefd0,0x00000007be900000)
  from space 11776K, 56% used [0x00000007be900000,0x00000007bef779d8,0x00000007bf480000)
  to   space 11776K, 0% used [0x00000007bf480000,0x00000007bf480000,0x00000007c0000000)
 ParOldGen       total 94208K, used 35494K [0x0000000700000000, 0x0000000705c00000, 0x00000007bc400000)
  object space 94208K, 37% used [0x0000000700000000,0x00000007022a9958,0x0000000705c00000)
 Metaspace       used 54030K, capacity 54499K, committed 55040K, reserved 1095680K
  class space    used 7729K, capacity 7828K, committed 7936K, reserved 1048576K
Event: 2827.152 GC heap after
Heap after GC invocations=34 (full 4):
 PSYoungGen      total 49664K, used 6393K [0x00000007bc400000, 0x00000007c0000000, 0x00000007c0000000)
  eden space 37888K, 0% used [0x00000007bc400000,0x00000007bc400000,0x00000007be900000)
  from space 11776K, 54% used [0x00000007bf480000,0x00000007bfabe738,0x00000007c0000000)
  to   space 11776K, 0% used [0x00000007be900000,0x00000007be900000,0x00000007bf480000)
 ParOldGen       total 94208K, used 35494K [0x0000000700000000, 0x0000000705c00000, 0x00000007bc400000)
  object space 94208K, 37% used [0x0000000700000000,0x00000007022a9958,0x0000000705c00000)
 Metaspace       used 54030K, capacity 54499K, committed 55040K, reserved 1095680K
  class space    used 7729K, capacity 7828K, committed 7936K, reserved 1048576K
}
Event: 2850.168 GC heap before
{Heap before GC invocations=35 (full 4):
 PSYoungGen      total 49664K, used 44281K [0x00000007bc400000, 0x00000007c0000000, 0x00000007c0000000)
  eden space 37888K, 100% used [0x00000007bc400000,0x00000007be900000,0x00000007be900000)
  from space 11776K, 54% used [0x00000007bf480000,0x00000007bfabe738,0x00000007c0000000)
  to   space 11776K, 0% used [0x00000007be900000,0x00000007be900000,0x00000007bf480000)
 ParOldGen       total 94208K, used 35494K [0x0000000700000000, 0x0000000705c00000, 0x00000007bc400000)
  object space 94208K, 37% used [0x0000000700000000,0x00000007022a9958,0x0000000705c00000)
 Metaspace       used 54315K, capacity 54729K, committed 55040K, reserved 1095680K
  class space    used 7754K, capacity 7861K, committed 7936K, reserved 1048576K
Event: 2850.192 GC heap after
Heap after GC invocations=35 (full 4):
 PSYoungGen      total 49664K, used 6970K [0x00000007bc400000, 0x00000007c0000000, 0x00000007c0000000)
  eden space 37888K, 0% used [0x00000007bc400000,0x00000007bc400000,0x00000007be900000)
  from space 11776K, 59% used [0x00000007be900000,0x00000007befceb38,0x00000007bf480000)
  to   space 11776K, 0% used [0x00000007bf480000,0x00000007bf480000,0x00000007c0000000)
 ParOldGen       total 94208K, used 35494K [0x0000000700000000, 0x0000000705c00000, 0x00000007bc400000)
  object space 94208K, 37% used [0x0000000700000000,0x00000007022a9958,0x0000000705c00000)
 Metaspace       used 54315K, capacity 54729K, committed 55040K, reserved 1095680K
  class space    used 7754K, capacity 7861K, committed 7936K, reserved 1048576K
}
Event: 2872.076 GC heap before
{Heap before GC invocations=36 (full 4):
 PSYoungGen      total 49664K, used 44858K [0x00000007bc400000, 0x00000007c0000000, 0x00000007c0000000)
  eden space 37888K, 100% used [0x00000007bc400000,0x00000007be900000,0x00000007be900000)
  from space 11776K, 59% used [0x00000007be900000,0x00000007befceb38,0x00000007bf480000)
  to   space 11776K, 0% used [0x00000007bf480000,0x00000007bf480000,0x00000007c0000000)
 ParOldGen       total 94208K, used 35494K [0x0000000700000000, 0x0000000705c00000, 0x00000007bc400000)
  object space 94208K, 37% used [0x0000000700000000,0x00000007022a9958,0x0000000705c00000)
 Metaspace       used 54422K, capacity 54869K, committed 55296K, reserved 1097728K
  class space    used 7761K, capacity 7863K, committed 7936K, reserved 1048576K
Event: 2872.102 GC heap after
Heap after GC invocations=36 (full 4):
 PSYoungGen      total 50176K, used 5951K [0x00000007bc400000, 0x00000007c0000000, 0x00000007c0000000)
  eden space 38400K, 0% used [0x00000007bc400000,0x00000007bc400000,0x00000007be980000)
  from space 11776K, 50% used [0x00000007bf480000,0x00000007bfa4ffa8,0x00000007c0000000)
  to   space 11264K, 0% used [0x00000007be980000,0x00000007be980000,0x00000007bf480000)
 ParOldGen       total 94208K, used 35494K [0x0000000700000000, 0x0000000705c00000, 0x00000007bc400000)
  object space 94208K, 37% used [0x0000000700000000,0x00000007022a9958,0x0000000705c00000)
 Metaspace       used 54422K, capacity 54869K, committed 55296K, reserved 1097728K
  class space    used 7761K, capacity 7863K, committed 7936K, reserved 1048576K
}
Event: 2880.848 GC heap before
{Heap before GC invocations=37 (full 4):
 PSYoungGen      total 50176K, used 44351K [0x00000007bc400000, 0x00000007c0000000, 0x00000007c0000000)
  eden space 38400K, 100% used [0x00000007bc400000,0x00000007be980000,0x00000007be980000)
  from space 11776K, 50% used [0x00000007bf480000,0x00000007bfa4ffa8,0x00000007c0000000)
  to   space 11264K, 0% used [0x00000007be980000,0x00000007be980000,0x00000007bf480000)
 ParOldGen       total 94208K, used 35494K [0x0000000700000000, 0x0000000705c00000, 0x00000007bc400000)
  object space 94208K, 37% used [0x0000000700000000,0x00000007022a9958,0x0000000705c00000)
 Metaspace       used 54527K, capacity 54933K, committed 55296K, reserved 1097728K
  class space    used 7768K, capacity 7863K, committed 7936K, reserved 1048576K
Event: 2880.877 GC heap after
Heap after GC invocations=37 (full 4):
 PSYoungGen      total 49664K, used 5797K [0x00000007bc400000, 0x00000007c0000000, 0x00000007c0000000)
  eden space 38400K, 0% used [0x00000007bc400000,0x00000007bc400000,0x00000007be980000)
  from space 11264K, 51% used [0x00000007be980000,0x00000007bef29688,0x00000007bf480000)
  to   space 10752K, 0% used [0x00000007bf580000,0x00000007bf580000,0x00000007c0000000)
 ParOldGen       total 94208K, used 35502K [0x0000000700000000, 0x0000000705c00000, 0x00000007bc400000)
  object space 94208K, 37% used [0x0000000700000000,0x00000007022ab958,0x0000000705c00000)
 Metaspace       used 54527K, capacity 54933K, committed 55296K, reserved 1097728K
  class space    used 7768K, capacity 7863K, committed 7936K, reserved 1048576K
}
Event: 2901.084 GC heap before
{Heap before GC invocations=38 (full 4):
 PSYoungGen      total 49664K, used 44197K [0x00000007bc400000, 0x00000007c0000000, 0x00000007c0000000)
  eden space 38400K, 100% used [0x00000007bc400000,0x00000007be980000,0x00000007be980000)
  from space 11264K, 51% used [0x00000007be980000,0x00000007bef29688,0x00000007bf480000)
  to   space 10752K, 0% used [0x00000007bf580000,0x00000007bf580000,0x00000007c0000000)
 ParOldGen       total 94208K, used 35502K [0x0000000700000000, 0x0000000705c00000, 0x00000007bc400000)
  object space 94208K, 37% used [0x0000000700000000,0x00000007022ab958,0x0000000705c00000)
 Metaspace       used 54902K, capacity 55349K, committed 55808K, reserved 1097728K
  class space    used 7811K, capacity 7895K, committed 7936K, reserved 1048576K
Event: 2901.109 GC heap after
Heap after GC invocations=38 (full 4):
 PSYoungGen      total 49664K, used 7831K [0x00000007bc400000, 0x00000007c0000000, 0x00000007c0000000)
  eden space 38912K, 0% used [0x00000007bc400000,0x00000007bc400000,0x00000007bea00000)
  from space 10752K, 72% used [0x00000007bf580000,0x00000007bfd25ee8,0x00000007c0000000)
  to   space 11264K, 0% used [0x00000007bea00000,0x00000007bea00000,0x00000007bf500000)
 ParOldGen       total 94208K, used 35502K [0x0000000700000000, 0x0000000705c00000, 0x00000007bc400000)
  object space 94208K, 37% used [0x0000000700000000,0x00000007022ab958,0x0000000705c00000)
 Metaspace       used 54902K, capacity 55349K, committed 55808K, reserved 1097728K
  class space    used 7811K, capacity 7895K, committed 7936K, reserved 1048576K
}

